<?xml version="1.0" encoding="UTF-8"?>
<!-- Generated by org.testng.reporters.JUnitReportReporter -->
<testsuite hostname="EPVNHOCW0191" failures="0" tests="1" name="SampleTest" time="1.397" errors="0" timestamp="2023-05-28T13:09:40 ICT" skipped="0">
  <testcase classname="SampleTest" name="verifyCode" time="1.397"/>
  <system-out/>
</testsuite> <!-- SampleTest -->
